"is_built_lib_theMovieDb" "true"
"built_lib_theMovieDb" "/Users/simon/programation/perso/ocaml/theMovieDb/_build/src/theMovieDb.cma"
"built_lib_theMovieDb" "/Users/simon/programation/perso/ocaml/theMovieDb/_build/src/theMovieDb.cmxa"
"built_lib_theMovieDb" "/Users/simon/programation/perso/ocaml/theMovieDb/_build/src/theMovieDb.a"
"built_lib_theMovieDb" "/Users/simon/programation/perso/ocaml/theMovieDb/_build/src/theMovieDb.cmxs"
"built_lib_theMovieDb" "/Users/simon/programation/perso/ocaml/theMovieDb/_build/src/theMovieDbConfig.cmi"
"built_lib_theMovieDb" "/Users/simon/programation/perso/ocaml/theMovieDb/_build/src/theMovieDbHttp.cmi"
"built_lib_theMovieDb" "/Users/simon/programation/perso/ocaml/theMovieDb/_build/src/theMovieDb.cmi"
"built_lib_theMovieDb" "/Users/simon/programation/perso/ocaml/theMovieDb/_build/src/theMovieDbConfig.cmx"
"built_lib_theMovieDb" "/Users/simon/programation/perso/ocaml/theMovieDb/_build/src/theMovieDbHttp.cmx"
"built_lib_theMovieDb" "/Users/simon/programation/perso/ocaml/theMovieDb/_build/src/theMovieDb.cmx"
"is_built_lib_theMovieDb" "true"
"built_lib_theMovieDb" "/Users/simon/programation/perso/ocaml/theMovieDb/_build/src/theMovieDb.cma"
"built_lib_theMovieDb" "/Users/simon/programation/perso/ocaml/theMovieDb/_build/src/theMovieDb.cmxa"
"built_lib_theMovieDb" "/Users/simon/programation/perso/ocaml/theMovieDb/_build/src/theMovieDb.a"
"built_lib_theMovieDb" "/Users/simon/programation/perso/ocaml/theMovieDb/_build/src/theMovieDb.cmxs"
"built_lib_theMovieDb" "/Users/simon/programation/perso/ocaml/theMovieDb/_build/src/theMovieDbConfig.cmi"
"built_lib_theMovieDb" "/Users/simon/programation/perso/ocaml/theMovieDb/_build/src/theMovieDbHttp.cmi"
"built_lib_theMovieDb" "/Users/simon/programation/perso/ocaml/theMovieDb/_build/src/theMovieDb.cmi"
"built_lib_theMovieDb" "/Users/simon/programation/perso/ocaml/theMovieDb/_build/src/theMovieDbConfig.cmx"
"built_lib_theMovieDb" "/Users/simon/programation/perso/ocaml/theMovieDb/_build/src/theMovieDbHttp.cmx"
"built_lib_theMovieDb" "/Users/simon/programation/perso/ocaml/theMovieDb/_build/src/theMovieDb.cmx"
"is_built_lib_theMovieDb" "true"
"built_lib_theMovieDb" "/Users/simon/programation/perso/ocaml/theMovieDb/_build/src/theMovieDb.cma"
"built_lib_theMovieDb" "/Users/simon/programation/perso/ocaml/theMovieDb/_build/src/theMovieDb.cmxa"
"built_lib_theMovieDb" "/Users/simon/programation/perso/ocaml/theMovieDb/_build/src/theMovieDb.a"
"built_lib_theMovieDb" "/Users/simon/programation/perso/ocaml/theMovieDb/_build/src/theMovieDb.cmxs"
"built_lib_theMovieDb" "/Users/simon/programation/perso/ocaml/theMovieDb/_build/src/theMovieDbConfig.cmi"
"built_lib_theMovieDb" "/Users/simon/programation/perso/ocaml/theMovieDb/_build/src/theMovieDbHttp.cmi"
"built_lib_theMovieDb" "/Users/simon/programation/perso/ocaml/theMovieDb/_build/src/theMovieDb.cmi"
"built_lib_theMovieDb" "/Users/simon/programation/perso/ocaml/theMovieDb/_build/src/theMovieDbConfig.cmx"
"built_lib_theMovieDb" "/Users/simon/programation/perso/ocaml/theMovieDb/_build/src/theMovieDbHttp.cmx"
"built_lib_theMovieDb" "/Users/simon/programation/perso/ocaml/theMovieDb/_build/src/theMovieDb.cmx"
